make[1]: Entering directory `/home/chuan/Desktop/magic-8.2'
./scripts/mkdirs /home/tim/cad/bin /home/tim/cad/share/man \
		/home/tim/cad/lib/magic/sys /home/tim/cad/lib/magic/tcl /home/tim/cad/lib/magic/tcl/bitmaps
mkdir /home/tim
mkdir /home/tim/cad
mkdir /home/tim/cad/bin
mkdir /home/tim
mkdir /home/tim/cad
mkdir /home/tim/cad/share
mkdir /home/tim/cad/share/man
mkdir /home/tim
mkdir /home/tim/cad
mkdir /home/tim/cad/lib
mkdir /home/tim/cad/lib/magic
mkdir /home/tim/cad/lib/magic/sys
mkdir /home/tim
mkdir /home/tim/cad
mkdir /home/tim/cad/lib
mkdir /home/tim/cad/lib/magic
mkdir /home/tim/cad/lib/magic/tcl
mkdir /home/tim
mkdir /home/tim/cad
mkdir /home/tim/cad/lib
mkdir /home/tim/cad/lib/magic
mkdir /home/tim/cad/lib/magic/tcl
mkdir /home/tim/cad/lib/magic/tcl/bitmaps
for dir in windows doc scmos graphics tcltk magic net2ir tcltk; do \
		(cd $dir && make install-tcl); done
make[2]: Entering directory `/home/chuan/Desktop/magic-8.2/windows'
--- installing glyphs to /home/tim/cad/lib/magic/sys
for i in windows7.glyphs windows11.glyphs windows14.glyphs windows22.glyphs  vfont.B.12 vfont.I.12 vfont.R.8; do \
		(cd /home/tim/cad/lib/magic/sys && rm -f $i); \
		cp $i /home/tim/cad/lib/magic/sys; done
make[2]: Leaving directory `/home/chuan/Desktop/magic-8.2/windows'
make[2]: Entering directory `/home/chuan/Desktop/magic-8.2/doc'
cd latexfiles && make install
make[3]: Entering directory `/home/chuan/Desktop/magic-8.2/doc/latexfiles'
../../scripts/mkdirs /home/tim/cad/lib/magic/doc
mkdir /home/tim
mkdir /home/tim/cad
mkdir /home/tim/cad/lib
mkdir /home/tim/cad/lib/magic
mkdir /home/tim/cad/lib/magic/doc
cp ../psfiles/tut1.ps /home/tim/cad/lib/magic/doc/tut1.ps
make[3]: Leaving directory `/home/chuan/Desktop/magic-8.2/doc/latexfiles'
make[2]: Leaving directory `/home/chuan/Desktop/magic-8.2/doc'
make[2]: Entering directory `/home/chuan/Desktop/magic-8.2/scmos'
/bin/m4 minimum.tech.in > minimum.tech
make[2]: Leaving directory `/home/chuan/Desktop/magic-8.2/scmos'
make[2]: Entering directory `/home/chuan/Desktop/magic-8.2/graphics'
for i in bw.glyphs color.glyphs; do \
	rm -f /home/tim/cad/lib/magic/sys/$i; \
	cp $i /home/tim/cad/lib/magic/sys; done
make[2]: Leaving directory `/home/chuan/Desktop/magic-8.2/graphics'
make[2]: Entering directory `/home/chuan/Desktop/magic-8.2/tcltk'
gcc -g -m64 -fPIC -Wimplicit-int -fPIC  -I. -I..  -DCAD_DIR=\"/home/tim/cad/lib\" -DBIN_DIR=\"/home/tim/cad/bin\" -DTCL_DIR=\"/home/tim/cad/lib/magic/tcl\" -DPACKAGE_NAME=\"\" -DPACKAGE_TARNAME=\"\" -DPACKAGE_VERSION=\"\" -DPACKAGE_STRING=\"\" -DPACKAGE_BUGREPORT=\"\" -DPACKAGE_URL=\"\" -DMAGIC_VERSION=\"8.2\" -DMAGIC_REVISION=\"19\" -DSTDC_HEADERS=1 -DHAVE_SYS_TYPES_H=1 -DHAVE_SYS_STAT_H=1 -DHAVE_STDLIB_H=1 -DHAVE_STRING_H=1 -DHAVE_MEMORY_H=1 -DHAVE_STRINGS_H=1 -DHAVE_INTTYPES_H=1 -DHAVE_STDINT_H=1 -DHAVE_UNISTD_H=1 -DSIZEOF_VOID_P=8 -DSIZEOF_UNSIGNED_INT=4 -DSIZEOF_UNSIGNED_LONG=8 -DSIZEOF_UNSIGNED_LONG_LONG=8 -DSTDC_HEADERS=1 -DHAVE_SETENV=1 -DHAVE_PUTENV=1 -DHAVE_SYS_MMAN_H=1 -DHAVE_DIRENT_H=1 -DHAVE_LIMITS_H=1 -DHAVE_PATHS_H=1 -DHAVE_VA_COPY=1 -DHAVE___VA_COPY=1 -DFILE_LOCKS=1 -DCALMA_MODULE=1 -DCIF_MODULE=1 -DX11_BACKING_STORE=1 -DPLOT_MODULE=1 -DLEF_MODULE=1 -DROUTE_MODULE=1 -DUSE_NEW_MACROS=1 -DVECTOR_FONTS=1 -DHAVE_LIBCAIRO=1 -DMAGIC_WRAPPER=1 -Dlinux=1 -DSYSV=1 -DISC=1 -DNDEBUG -DGCORE=\"/bin/gcore\" -DSHDLIB_EXT=\".so\" -DMAGIC_DATE="\"`date`\""  magicexec.c \
		-o magicexec   -L/usr/lib64 -ltk8.6 -L/usr/lib64 -ltcl8.6
