This file contains any messages produced by compilers while
running configure, to aid debugging if configure makes a mistake.

It was created by configure, which was
generated by GNU Autoconf 2.69.  Invocation command line was

  $ ./configure 

## --------- ##
## Platform. ##
## --------- ##

hostname = stravinsky
uname -m = x86_64
uname -r = 4.1.13-100.fc21.x86_64
uname -s = Linux
uname -v = #1 SMP Tue Nov 10 13:13:20 UTC 2015

/usr/bin/uname -p = x86_64
/bin/uname -X     = unknown

/bin/arch              = x86_64
/usr/bin/arch -k       = unknown
/usr/convex/getsysinfo = unknown
/usr/bin/hostinfo      = unknown
/bin/machine           = unknown
/usr/bin/oslevel       = unknown
/bin/universe          = unknown

PATH: .
PATH: /bin
PATH: /sbin
PATH: /usr/bin
PATH: /usr/sbin
PATH: /usr/local/bin


## ----------- ##
## Core tests. ##
## ----------- ##

configure:2482: checking build system type
configure:2496: result: x86_64-unknown-linux-gnu
configure:2516: checking host system type
configure:2529: result: x86_64-unknown-linux-gnu
configure:2549: checking target system type
configure:2562: result: x86_64-unknown-linux-gnu
configure:2654: checking for gcc
configure:2670: found /bin/gcc
configure:2681: result: gcc
configure:2910: checking for C compiler version
configure:2919: gcc --version >&5
gcc (GCC) 4.9.2 20150212 (Red Hat 4.9.2-6)
Copyright (C) 2014 Free Software Foundation, Inc.
This is free software; see the source for copying conditions.  There is NO
warranty; not even for MERCHANTABILITY or FITNESS FOR A PARTICULAR PURPOSE.

configure:2930: $? = 0
configure:2919: gcc -v >&5
Using built-in specs.
COLLECT_GCC=gcc
COLLECT_LTO_WRAPPER=/usr/libexec/gcc/x86_64-redhat-linux/4.9.2/lto-wrapper
Target: x86_64-redhat-linux
Configured with: ../configure --prefix=/usr --mandir=/usr/share/man --infodir=/usr/share/info --with-bugurl=http://bugzilla.redhat.com/bugzilla --enable-bootstrap --enable-shared --enable-threads=posix --enable-checking=release --enable-multilib --with-system-zlib --enable-__cxa_atexit --disable-libunwind-exceptions --enable-gnu-unique-object --enable-linker-build-id --with-linker-hash-style=gnu --enable-languages=c,c++,objc,obj-c++,fortran,ada,go,lto --enable-plugin --enable-initfini-array --disable-libgcj --with-isl=/builddir/build/BUILD/gcc-4.9.2-20150212/obj-x86_64-redhat-linux/isl-install --with-cloog=/builddir/build/BUILD/gcc-4.9.2-20150212/obj-x86_64-redhat-linux/cloog-install --enable-gnu-indirect-function --with-tune=generic --with-arch_32=i686 --build=x86_64-redhat-linux
Thread model: posix
gcc version 4.9.2 20150212 (Red Hat 4.9.2-6) (GCC) 
configure:2930: $? = 0
configure:2919: gcc -V >&5
gcc: error: unrecognized command line option '-V'
gcc: fatal error: no input files
compilation terminated.
configure:2930: $? = 4
configure:2919: gcc -qversion >&5
gcc: error: unrecognized command line option '-qversion'
gcc: fatal error: no input files
compilation terminated.
configure:2930: $? = 4
configure:2950: checking whether the C compiler works
configure:2972: gcc -g   conftest.c  >&5
configure:2976: $? = 0
configure:3024: result: yes
configure:3027: checking for C compiler default output file name
configure:3029: result: a.out
configure:3035: checking for suffix of executables
configure:3042: gcc -o conftest -g   conftest.c  >&5
configure:3046: $? = 0
configure:3068: result: 
configure:3090: checking whether we are cross compiling
configure:3098: gcc -o conftest -g   conftest.c  >&5
configure:3102: $? = 0
configure:3109: ./conftest
configure:3113: $? = 0
configure:3128: result: no
configure:3133: checking for suffix of object files
configure:3155: gcc -c -g  conftest.c >&5
configure:3159: $? = 0
configure:3180: result: o
configure:3184: checking whether we are using the GNU C compiler
configure:3203: gcc -c -g  conftest.c >&5
configure:3203: $? = 0
configure:3212: result: yes
configure:3221: checking whether gcc accepts -g
configure:3241: gcc -c -g  conftest.c >&5
configure:3241: $? = 0
configure:3282: result: yes
configure:3299: checking for gcc option to accept ISO C89
configure:3362: gcc  -c -g  conftest.c >&5
configure:3362: $? = 0
configure:3375: result: none needed
configure:3400: checking how to run the C preprocessor
configure:3431: gcc -E  conftest.c
configure:3431: $? = 0
configure:3445: gcc -E  conftest.c
conftest.c:11:28: fatal error: ac_nonexistent.h: No such file or directory
 #include <ac_nonexistent.h>
                            ^
compilation terminated.
configure:3445: $? = 1
configure: failed program was:
| /* confdefs.h */
| #define PACKAGE_NAME ""
| #define PACKAGE_TARNAME ""
| #define PACKAGE_VERSION ""
| #define PACKAGE_STRING ""
| #define PACKAGE_BUGREPORT ""
| #define PACKAGE_URL ""
| #define MAGIC_VERSION "8.2"
| #define MAGIC_REVISION "14"
| /* end confdefs.h.  */
| #include <ac_nonexistent.h>
configure:3470: result: gcc -E
configure:3490: gcc -E  conftest.c
configure:3490: $? = 0
configure:3504: gcc -E  conftest.c
conftest.c:11:28: fatal error: ac_nonexistent.h: No such file or directory
 #include <ac_nonexistent.h>
                            ^
compilation terminated.
configure:3504: $? = 1
configure: failed program was:
| /* confdefs.h */
| #define PACKAGE_NAME ""
| #define PACKAGE_TARNAME ""
| #define PACKAGE_VERSION ""
| #define PACKAGE_STRING ""
| #define PACKAGE_BUGREPORT ""
| #define PACKAGE_URL ""
| #define MAGIC_VERSION "8.2"
| #define MAGIC_REVISION "14"
| /* end confdefs.h.  */
| #include <ac_nonexistent.h>
configure:3590: checking for g++
configure:3606: found /bin/g++
configure:3617: result: g++
configure:3644: checking for C++ compiler version
configure:3653: g++ --version >&5
g++ (GCC) 4.9.2 20150212 (Red Hat 4.9.2-6)
Copyright (C) 2014 Free Software Foundation, Inc.
This is free software; see the source for copying conditions.  There is NO
warranty; not even for MERCHANTABILITY or FITNESS FOR A PARTICULAR PURPOSE.

configure:3664: $? = 0
configure:3653: g++ -v >&5
Using built-in specs.
COLLECT_GCC=g++
COLLECT_LTO_WRAPPER=/usr/libexec/gcc/x86_64-redhat-linux/4.9.2/lto-wrapper
Target: x86_64-redhat-linux
Configured with: ../configure --prefix=/usr --mandir=/usr/share/man --infodir=/usr/share/info --with-bugurl=http://bugzilla.redhat.com/bugzilla --enable-bootstrap --enable-shared --enable-threads=posix --enable-checking=release --enable-multilib --with-system-zlib --enable-__cxa_atexit --disable-libunwind-exceptions --enable-gnu-unique-object --enable-linker-build-id --with-linker-hash-style=gnu --enable-languages=c,c++,objc,obj-c++,fortran,ada,go,lto --enable-plugin --enable-initfini-array --disable-libgcj --with-isl=/builddir/build/BUILD/gcc-4.9.2-20150212/obj-x86_64-redhat-linux/isl-install --with-cloog=/builddir/build/BUILD/gcc-4.9.2-20150212/obj-x86_64-redhat-linux/cloog-install --enable-gnu-indirect-function --with-tune=generic --with-arch_32=i686 --build=x86_64-redhat-linux
Thread model: posix
gcc version 4.9.2 20150212 (Red Hat 4.9.2-6) (GCC) 
configure:3664: $? = 0
configure:3653: g++ -V >&5
g++: error: unrecognized command line option '-V'
g++: fatal error: no input files
compilation terminated.
configure:3664: $? = 4
configure:3653: g++ -qversion >&5
g++: error: unrecognized command line option '-qversion'
g++: fatal error: no input files
compilation terminated.
configure:3664: $? = 4
configure:3668: checking whether we are using the GNU C++ compiler
configure:3687: g++ -c   conftest.cpp >&5
configure:3687: $? = 0
configure:3696: result: yes
configure:3705: checking whether g++ accepts -g
configure:3725: g++ -c -g  conftest.cpp >&5
configure:3725: $? = 0
configure:3766: result: yes
configure:3790: checking for library containing strerror
configure:3821: gcc -o conftest -g   conftest.c  >&5
configure:3821: $? = 0
configure:3838: result: none required
configure:3860: checking for a BSD-compatible install
configure:3928: result: /bin/install -c
configure:3982: checking for ranlib
configure:3998: found /bin/ranlib
configure:4009: result: ranlib
configure:4036: checking for gm4
configure:4069: result: no
configure:4036: checking for gnum4
configure:4069: result: no
configure:4036: checking for m4
configure:4054: found /bin/m4
configure:4066: result: /bin/m4
configure:4084: checking for python3
configure:4102: found /bin/python3
configure:4115: result: /bin/python3
configure:4154: checking for ld used by GCC
configure:4217: result: /bin/ld
configure:4224: checking if the linker (/bin/ld) is GNU ld
GNU ld version 2.24
configure:4236: result: yes
configure:4243: checking for grep that handles long lines and -e
configure:4301: result: /bin/grep
configure:4306: checking for egrep
configure:4368: result: /bin/grep -E
configure:4373: checking for ANSI C header files
configure:4393: gcc -c -g  conftest.c >&5
configure:4393: $? = 0
./configure: line 4407: /scripts/preproc.py: No such file or directory
configure:4477: result: no
configure:4490: checking for sys/types.h
configure:4490: gcc -c -g  conftest.c >&5
configure:4490: $? = 0
configure:4490: result: yes
configure:4490: checking for sys/stat.h
configure:4490: gcc -c -g  conftest.c >&5
configure:4490: $? = 0
configure:4490: result: yes
configure:4490: checking for stdlib.h
configure:4490: gcc -c -g  conftest.c >&5
configure:4490: $? = 0
configure:4490: result: yes
configure:4490: checking for string.h
configure:4490: gcc -c -g  conftest.c >&5
configure:4490: $? = 0
configure:4490: result: yes
configure:4490: checking for memory.h
configure:4490: gcc -c -g  conftest.c >&5
configure:4490: $? = 0
configure:4490: result: yes
configure:4490: checking for strings.h
configure:4490: gcc -c -g  conftest.c >&5
configure:4490: $? = 0
configure:4490: result: yes
configure:4490: checking for inttypes.h
configure:4490: gcc -c -g  conftest.c >&5
configure:4490: $? = 0
configure:4490: result: yes
configure:4490: checking for stdint.h
configure:4490: gcc -c -g  conftest.c >&5
configure:4490: $? = 0
configure:4490: result: yes
configure:4490: checking for unistd.h
configure:4490: gcc -c -g  conftest.c >&5
configure:4490: $? = 0
configure:4490: result: yes
configure:4506: checking size of void *
configure:4511: gcc -o conftest -g   conftest.c  >&5
configure:4511: $? = 0
configure:4511: ./conftest
configure:4511: $? = 0
configure:4525: result: 8
configure:4539: checking size of unsigned int
configure:4544: gcc -o conftest -g   conftest.c  >&5
configure:4544: $? = 0
configure:4544: ./conftest
configure:4544: $? = 0
configure:4558: result: 4
configure:4572: checking size of unsigned long
configure:4577: gcc -o conftest -g   conftest.c  >&5
configure:4577: $? = 0
configure:4577: ./conftest
configure:4577: $? = 0
configure:4591: result: 8
configure:4605: checking size of unsigned long long
configure:4610: gcc -o conftest -g   conftest.c  >&5
configure:4610: $? = 0
configure:4610: ./conftest
configure:4610: $? = 0
configure:4624: result: 8
configure:4635: checking whether byte ordering is bigendian
configure:4650: gcc -c -g  conftest.c >&5
conftest.c:25:9: error: unknown type name 'not'
         not a universal capable compiler
         ^
conftest.c:25:15: error: expected '=', ',', ';', 'asm' or '__attribute__' before 'universal'
         not a universal capable compiler
               ^
conftest.c:25:15: error: unknown type name 'universal'
configure:4650: $? = 1
configure: failed program was:
| /* confdefs.h */
| #define PACKAGE_NAME ""
| #define PACKAGE_TARNAME ""
| #define PACKAGE_VERSION ""
| #define PACKAGE_STRING ""
| #define PACKAGE_BUGREPORT ""
| #define PACKAGE_URL ""
| #define MAGIC_VERSION "8.2"
| #define MAGIC_REVISION "14"
| #define HAVE_SYS_TYPES_H 1
| #define HAVE_SYS_STAT_H 1
| #define HAVE_STDLIB_H 1
| #define HAVE_STRING_H 1
| #define HAVE_MEMORY_H 1
| #define HAVE_STRINGS_H 1
| #define HAVE_INTTYPES_H 1
| #define HAVE_STDINT_H 1
| #define HAVE_UNISTD_H 1
| #define SIZEOF_VOID_P 8
| #define SIZEOF_UNSIGNED_INT 4
| #define SIZEOF_UNSIGNED_LONG 8
| #define SIZEOF_UNSIGNED_LONG_LONG 8
| /* end confdefs.h.  */
| #ifndef __APPLE_CC__
| 	       not a universal capable compiler
| 	     #endif
| 	     typedef int dummy;
| 
configure:4695: gcc -c -g  conftest.c >&5
configure:4695: $? = 0
configure:4713: gcc -c -g  conftest.c >&5
conftest.c: In function 'main':
conftest.c:31:4: error: unknown type name 'not'
    not big endian
    ^
conftest.c:31:12: error: expected '=', ',', ';', 'asm' or '__attribute__' before 'endian'
    not big endian
            ^
configure:4713: $? = 1
configure: failed program was:
| /* confdefs.h */
| #define PACKAGE_NAME ""
| #define PACKAGE_TARNAME ""
| #define PACKAGE_VERSION ""
| #define PACKAGE_STRING ""
| #define PACKAGE_BUGREPORT ""
| #define PACKAGE_URL ""
| #define MAGIC_VERSION "8.2"
| #define MAGIC_REVISION "14"
| #define HAVE_SYS_TYPES_H 1
| #define HAVE_SYS_STAT_H 1
| #define HAVE_STDLIB_H 1
| #define HAVE_STRING_H 1
| #define HAVE_MEMORY_H 1
| #define HAVE_STRINGS_H 1
| #define HAVE_INTTYPES_H 1
| #define HAVE_STDINT_H 1
| #define HAVE_UNISTD_H 1
| #define SIZEOF_VOID_P 8
| #define SIZEOF_UNSIGNED_INT 4
| #define SIZEOF_UNSIGNED_LONG 8
| #define SIZEOF_UNSIGNED_LONG_LONG 8
| /* end confdefs.h.  */
| #include <sys/types.h>
| 		#include <sys/param.h>
| 
| int
| main ()
| {
| #if BYTE_ORDER != BIG_ENDIAN
| 		 not big endian
| 		#endif
| 
|   ;
|   return 0;
| }
configure:4841: result: no
configure:4860: checking for ANSI C header files
configure:4964: result: no
configure:4976: checking for setenv
configure:4976: gcc -o conftest -g   conftest.c  >&5
configure:4976: $? = 0
configure:4976: result: yes
configure:4976: checking for putenv
configure:4976: gcc -o conftest -g   conftest.c  >&5
configure:4976: $? = 0
configure:4976: result: yes
configure:4986: checking for vfork
configure:4986: gcc -o conftest -g   conftest.c  >&5
configure:4986: $? = 0
configure:4986: result: yes
configure:4994: checking sys/mman.h usability
configure:4994: gcc -c -g  conftest.c >&5
configure:4994: $? = 0
configure:4994: result: yes
configure:4994: checking sys/mman.h presence
configure:4994: /scripts/preproc.py  conftest.c
./configure: line 1577: /scripts/preproc.py: No such file or directory
configure:4994: $? = 127
configure: failed program was:
| /* confdefs.h */
| #define PACKAGE_NAME ""
| #define PACKAGE_TARNAME ""
| #define PACKAGE_VERSION ""
| #define PACKAGE_STRING ""
| #define PACKAGE_BUGREPORT ""
| #define PACKAGE_URL ""
| #define MAGIC_VERSION "8.2"
| #define MAGIC_REVISION "14"
| #define HAVE_SYS_TYPES_H 1
| #define HAVE_SYS_STAT_H 1
| #define HAVE_STDLIB_H 1
| #define HAVE_STRING_H 1
| #define HAVE_MEMORY_H 1
| #define HAVE_STRINGS_H 1
| #define HAVE_INTTYPES_H 1
| #define HAVE_STDINT_H 1
| #define HAVE_UNISTD_H 1
| #define SIZEOF_VOID_P 8
| #define SIZEOF_UNSIGNED_INT 4
| #define SIZEOF_UNSIGNED_LONG 8
| #define SIZEOF_UNSIGNED_LONG_LONG 8
| #define HAVE_SETENV 1
| #define HAVE_PUTENV 1
| /* end confdefs.h.  */
| #include <sys/mman.h>
configure:4994: result: no
configure:4994: WARNING: sys/mman.h: accepted by the compiler, rejected by the preprocessor!
configure:4994: WARNING: sys/mman.h: proceeding with the compiler's result
configure:4994: checking for sys/mman.h
configure:4994: result: yes
configure:5007: checking dirent.h usability
configure:5007: gcc -c -g  conftest.c >&5
configure:5007: $? = 0
configure:5007: result: yes
configure:5007: checking dirent.h presence
configure:5007: /scripts/preproc.py  conftest.c
./configure: line 1577: /scripts/preproc.py: No such file or directory
configure:5007: $? = 127
configure: failed program was:
| /* confdefs.h */
| #define PACKAGE_NAME ""
| #define PACKAGE_TARNAME ""
| #define PACKAGE_VERSION ""
| #define PACKAGE_STRING ""
| #define PACKAGE_BUGREPORT ""
| #define PACKAGE_URL ""
| #define MAGIC_VERSION "8.2"
| #define MAGIC_REVISION "14"
| #define HAVE_SYS_TYPES_H 1
| #define HAVE_SYS_STAT_H 1
| #define HAVE_STDLIB_H 1
| #define HAVE_STRING_H 1
| #define HAVE_MEMORY_H 1
| #define HAVE_STRINGS_H 1
| #define HAVE_INTTYPES_H 1
| #define HAVE_STDINT_H 1
| #define HAVE_UNISTD_H 1
| #define SIZEOF_VOID_P 8
| #define SIZEOF_UNSIGNED_INT 4
| #define SIZEOF_UNSIGNED_LONG 8
| #define SIZEOF_UNSIGNED_LONG_LONG 8
| #define HAVE_SETENV 1
| #define HAVE_PUTENV 1
| #define HAVE_SYS_MMAN_H 1
| /* end confdefs.h.  */
| #include <dirent.h>
configure:5007: result: no
configure:5007: WARNING: dirent.h: accepted by the compiler, rejected by the preprocessor!
configure:5007: WARNING: dirent.h: proceeding with the compiler's result
configure:5007: checking for dirent.h
configure:5007: result: yes
configure:5020: checking limits.h usability
configure:5020: gcc -c -g  conftest.c >&5
configure:5020: $? = 0
configure:5020: result: yes
configure:5020: checking limits.h presence
configure:5020: /scripts/preproc.py  conftest.c
./configure: line 1577: /scripts/preproc.py: No such file or directory
configure:5020: $? = 127
configure: failed program was:
| /* confdefs.h */
| #define PACKAGE_NAME ""
| #define PACKAGE_TARNAME ""
| #define PACKAGE_VERSION ""
| #define PACKAGE_STRING ""
| #define PACKAGE_BUGREPORT ""
| #define PACKAGE_URL ""
| #define MAGIC_VERSION "8.2"
| #define MAGIC_REVISION "14"
| #define HAVE_SYS_TYPES_H 1
| #define HAVE_SYS_STAT_H 1
| #define HAVE_STDLIB_H 1
| #define HAVE_STRING_H 1
| #define HAVE_MEMORY_H 1
| #define HAVE_STRINGS_H 1
| #define HAVE_INTTYPES_H 1
| #define HAVE_STDINT_H 1
| #define HAVE_UNISTD_H 1
| #define SIZEOF_VOID_P 8
| #define SIZEOF_UNSIGNED_INT 4
| #define SIZEOF_UNSIGNED_LONG 8
| #define SIZEOF_UNSIGNED_LONG_LONG 8
| #define HAVE_SETENV 1
| #define HAVE_PUTENV 1
| #define HAVE_SYS_MMAN_H 1
| #define HAVE_DIRENT_H 1
| /* end confdefs.h.  */
| #include <limits.h>
configure:5020: result: no
configure:5020: WARNING: limits.h: accepted by the compiler, rejected by the preprocessor!
configure:5020: WARNING: limits.h: proceeding with the compiler's result
configure:5020: checking for limits.h
configure:5020: result: yes
configure:5033: checking param.h usability
configure:5033: gcc -c -g  conftest.c >&5
conftest.c:62:19: fatal error: param.h: No such file or directory
 #include <param.h>
                   ^
compilation terminated.
configure:5033: $? = 1
configure: failed program was:
| /* confdefs.h */
| #define PACKAGE_NAME ""
| #define PACKAGE_TARNAME ""
| #define PACKAGE_VERSION ""
| #define PACKAGE_STRING ""
| #define PACKAGE_BUGREPORT ""
| #define PACKAGE_URL ""
| #define MAGIC_VERSION "8.2"
| #define MAGIC_REVISION "14"
| #define HAVE_SYS_TYPES_H 1
| #define HAVE_SYS_STAT_H 1
| #define HAVE_STDLIB_H 1
| #define HAVE_STRING_H 1
| #define HAVE_MEMORY_H 1
| #define HAVE_STRINGS_H 1
| #define HAVE_INTTYPES_H 1
| #define HAVE_STDINT_H 1
| #define HAVE_UNISTD_H 1
| #define SIZEOF_VOID_P 8
| #define SIZEOF_UNSIGNED_INT 4
| #define SIZEOF_UNSIGNED_LONG 8
| #define SIZEOF_UNSIGNED_LONG_LONG 8
| #define HAVE_SETENV 1
| #define HAVE_PUTENV 1
| #define HAVE_SYS_MMAN_H 1
| #define HAVE_DIRENT_H 1
| #define HAVE_LIMITS_H 1
| /* end confdefs.h.  */
| #include <stdio.h>
| #ifdef HAVE_SYS_TYPES_H
| # include <sys/types.h>
| #endif
| #ifdef HAVE_SYS_STAT_H
| # include <sys/stat.h>
| #endif
| #ifdef STDC_HEADERS
| # include <stdlib.h>
| # include <stddef.h>
| #else
| # ifdef HAVE_STDLIB_H
| #  include <stdlib.h>
| # endif
| #endif
| #ifdef HAVE_STRING_H
| # if !defined STDC_HEADERS && defined HAVE_MEMORY_H
| #  include <memory.h>
| # endif
| # include <string.h>
| #endif
| #ifdef HAVE_STRINGS_H
| # include <strings.h>
| #endif
| #ifdef HAVE_INTTYPES_H
| # include <inttypes.h>
| #endif
| #ifdef HAVE_STDINT_H
| # include <stdint.h>
| #endif
| #ifdef HAVE_UNISTD_H
| # include <unistd.h>
| #endif
| #include <param.h>
configure:5033: result: no
configure:5033: checking param.h presence
configure:5033: /scripts/preproc.py  conftest.c
./configure: line 1577: /scripts/preproc.py: No such file or directory
configure:5033: $? = 127
configure: failed program was:
| /* confdefs.h */
| #define PACKAGE_NAME ""
| #define PACKAGE_TARNAME ""
| #define PACKAGE_VERSION ""
| #define PACKAGE_STRING ""
| #define PACKAGE_BUGREPORT ""
| #define PACKAGE_URL ""
| #define MAGIC_VERSION "8.2"
| #define MAGIC_REVISION "14"
| #define HAVE_SYS_TYPES_H 1
| #define HAVE_SYS_STAT_H 1
| #define HAVE_STDLIB_H 1
| #define HAVE_STRING_H 1
| #define HAVE_MEMORY_H 1
| #define HAVE_STRINGS_H 1
| #define HAVE_INTTYPES_H 1
| #define HAVE_STDINT_H 1
| #define HAVE_UNISTD_H 1
| #define SIZEOF_VOID_P 8
| #define SIZEOF_UNSIGNED_INT 4
| #define SIZEOF_UNSIGNED_LONG 8
| #define SIZEOF_UNSIGNED_LONG_LONG 8
| #define HAVE_SETENV 1
| #define HAVE_PUTENV 1
| #define HAVE_SYS_MMAN_H 1
| #define HAVE_DIRENT_H 1
| #define HAVE_LIMITS_H 1
| /* end confdefs.h.  */
| #include <param.h>
configure:5033: result: no
configure:5033: checking for param.h
configure:5033: result: no
configure:5046: checking paths.h usability
configure:5046: gcc -c -g  conftest.c >&5
configure:5046: $? = 0
configure:5046: result: yes
configure:5046: checking paths.h presence
configure:5046: /scripts/preproc.py  conftest.c
./configure: line 1577: /scripts/preproc.py: No such file or directory
configure:5046: $? = 127
configure: failed program was:
| /* confdefs.h */
| #define PACKAGE_NAME ""
| #define PACKAGE_TARNAME ""
| #define PACKAGE_VERSION ""
| #define PACKAGE_STRING ""
| #define PACKAGE_BUGREPORT ""
| #define PACKAGE_URL ""
| #define MAGIC_VERSION "8.2"
| #define MAGIC_REVISION "14"
| #define HAVE_SYS_TYPES_H 1
| #define HAVE_SYS_STAT_H 1
| #define HAVE_STDLIB_H 1
| #define HAVE_STRING_H 1
| #define HAVE_MEMORY_H 1
| #define HAVE_STRINGS_H 1
| #define HAVE_INTTYPES_H 1
| #define HAVE_STDINT_H 1
| #define HAVE_UNISTD_H 1
| #define SIZEOF_VOID_P 8
| #define SIZEOF_UNSIGNED_INT 4
| #define SIZEOF_UNSIGNED_LONG 8
| #define SIZEOF_UNSIGNED_LONG_LONG 8
| #define HAVE_SETENV 1
| #define HAVE_PUTENV 1
| #define HAVE_SYS_MMAN_H 1
| #define HAVE_DIRENT_H 1
| #define HAVE_LIMITS_H 1
| /* end confdefs.h.  */
| #include <paths.h>
configure:5046: result: no
configure:5046: WARNING: paths.h: accepted by the compiler, rejected by the preprocessor!
configure:5046: WARNING: paths.h: proceeding with the compiler's result
configure:5046: checking for paths.h
configure:5046: result: yes
configure:5057: checking for va_copy
configure:5075: gcc -o conftest -g   conftest.c  >&5
configure:5075: $? = 0
configure:5084: result: yes
configure:5092: checking for __va_copy
configure:5110: gcc -o conftest -g   conftest.c  >&5
configure:5110: $? = 0
configure:5119: result: yes
configure:5334: checking for gcore
configure:5352: found /bin/gcore
configure:5365: result: /bin/gcore
configure:5377: checking for csh
configure:5395: found /bin/csh
configure:5408: result: /bin/csh
configure:5422: checking for X
configure:5561: gcc -o conftest -g   conftest.c -lX11  >&5
configure:5561: $? = 0
configure:5611: result: libraries , headers 
configure:5710: gcc -o conftest -g   conftest.c   -lX11 >&5
configure:5710: $? = 0
configure:5808: checking for gethostbyname
configure:5808: gcc -o conftest -g   conftest.c  >&5
configure:5808: $? = 0
configure:5808: result: yes
configure:5905: checking for connect
configure:5905: gcc -o conftest -g   conftest.c  >&5
configure:5905: $? = 0
configure:5905: result: yes
configure:5954: checking for remove
configure:5954: gcc -o conftest -g   conftest.c  >&5
configure:5954: $? = 0
configure:5954: result: yes
configure:6003: checking for shmat
configure:6003: gcc -o conftest -g   conftest.c  >&5
configure:6003: $? = 0
configure:6003: result: yes
configure:6061: checking for IceConnectionNumber in -lICE
configure:6086: gcc -o conftest -g   conftest.c -lICE   >&5
configure:6086: $? = 0
configure:6095: result: yes
configure:6131: checking for XOpenDevice in -lXi
configure:6156: gcc -o conftest -g   conftest.c -lXi   >&5
configure:6156: $? = 0
configure:6165: result: yes
configure:6171: checking for XmuInternAtom in -lXmu
configure:6196: gcc -o conftest -g   conftest.c -lXmu   >&5
configure:6196: $? = 0
configure:6205: result: yes
configure:6211: checking for XextFindDisplay in -lXext
configure:6236: gcc -o conftest -g   conftest.c -lXext   >&5
configure:6236: $? = 0
configure:6245: result: yes
configure:6325: checking for tclConfig.sh
configure:6399: result: /usr/lib64/tclConfig.sh
configure:6415: checking for tkConfig.sh
configure:6488: result: /usr/lib64/tkConfig.sh
configure:6622: checking for wish executable
configure:6650: result: /usr/bin/wish
configure:6656: checking for tclsh executable
configure:6682: result: /usr/bin/tclsh
configure:7387: checking GL/gl.h usability
configure:7387: gcc -c -g   conftest.c >&5
configure:7387: $? = 0
configure:7387: result: yes
configure:7387: checking GL/gl.h presence
configure:7387: /scripts/preproc.py   conftest.c
./configure: line 1577: /scripts/preproc.py: No such file or directory
configure:7387: $? = 127
configure: failed program was:
| /* confdefs.h */
| #define PACKAGE_NAME ""
| #define PACKAGE_TARNAME ""
| #define PACKAGE_VERSION ""
| #define PACKAGE_STRING ""
| #define PACKAGE_BUGREPORT ""
| #define PACKAGE_URL ""
| #define MAGIC_VERSION "8.2"
| #define MAGIC_REVISION "14"
| #define HAVE_SYS_TYPES_H 1
| #define HAVE_SYS_STAT_H 1
| #define HAVE_STDLIB_H 1
| #define HAVE_STRING_H 1
| #define HAVE_MEMORY_H 1
| #define HAVE_STRINGS_H 1
| #define HAVE_INTTYPES_H 1
| #define HAVE_STDINT_H 1
| #define HAVE_UNISTD_H 1
| #define SIZEOF_VOID_P 8
| #define SIZEOF_UNSIGNED_INT 4
| #define SIZEOF_UNSIGNED_LONG 8
| #define SIZEOF_UNSIGNED_LONG_LONG 8
| #define HAVE_SETENV 1
| #define HAVE_PUTENV 1
| #define HAVE_SYS_MMAN_H 1
| #define HAVE_DIRENT_H 1
| #define HAVE_LIMITS_H 1
| #define HAVE_PATHS_H 1
| #define HAVE_VA_COPY 1
| #define HAVE___VA_COPY 1
| #define FILE_LOCKS 1
| #define CALMA_MODULE 1
| #define CIF_MODULE 1
| #define X11_BACKING_STORE 1
| #define PLOT_MODULE 1
| #define LEF_MODULE 1
| #define ROUTE_MODULE 1
| #define USE_NEW_MACROS 1
| /* end confdefs.h.  */
| #include <GL/gl.h>
configure:7387: result: no
configure:7387: WARNING: GL/gl.h: accepted by the compiler, rejected by the preprocessor!
configure:7387: WARNING: GL/gl.h: proceeding with the compiler's result
configure:7387: checking for GL/gl.h
configure:7387: result: yes
configure:7405: checking for glXCreateContext in -lGL
configure:7430: gcc -o conftest -g     -lm conftest.c -lGL   >&5
configure:7430: $? = 0
configure:7439: result: yes
configure:7455: checking for gluNewTess in -lGLU
configure:7480: gcc -o conftest -g     -lm conftest.c -lGLU  -lGL  >&5
configure:7480: $? = 0
configure:7489: result: yes
configure:7540: checking cairo/cairo.h usability
configure:7540: gcc -c -g   conftest.c >&5
configure:7540: $? = 0
configure:7540: result: yes
configure:7540: checking cairo/cairo.h presence
configure:7540: /scripts/preproc.py   conftest.c
./configure: line 1577: /scripts/preproc.py: No such file or directory
configure:7540: $? = 127
configure: failed program was:
| /* confdefs.h */
| #define PACKAGE_NAME ""
| #define PACKAGE_TARNAME ""
| #define PACKAGE_VERSION ""
| #define PACKAGE_STRING ""
| #define PACKAGE_BUGREPORT ""
| #define PACKAGE_URL ""
| #define MAGIC_VERSION "8.2"
| #define MAGIC_REVISION "14"
| #define HAVE_SYS_TYPES_H 1
| #define HAVE_SYS_STAT_H 1
| #define HAVE_STDLIB_H 1
| #define HAVE_STRING_H 1
| #define HAVE_MEMORY_H 1
| #define HAVE_STRINGS_H 1
| #define HAVE_INTTYPES_H 1
| #define HAVE_STDINT_H 1
| #define HAVE_UNISTD_H 1
| #define SIZEOF_VOID_P 8
| #define SIZEOF_UNSIGNED_INT 4
| #define SIZEOF_UNSIGNED_LONG 8
| #define SIZEOF_UNSIGNED_LONG_LONG 8
| #define HAVE_SETENV 1
| #define HAVE_PUTENV 1
| #define HAVE_SYS_MMAN_H 1
| #define HAVE_DIRENT_H 1
| #define HAVE_LIMITS_H 1
| #define HAVE_PATHS_H 1
| #define HAVE_VA_COPY 1
| #define HAVE___VA_COPY 1
| #define FILE_LOCKS 1
| #define CALMA_MODULE 1
| #define CIF_MODULE 1
| #define X11_BACKING_STORE 1
| #define PLOT_MODULE 1
| #define LEF_MODULE 1
| #define ROUTE_MODULE 1
| #define USE_NEW_MACROS 1
| #define HAVE_LIBGL 1
| #define HAVE_LIBGLU 1
| #define VECTOR_FONTS 1
| /* end confdefs.h.  */
| #include <cairo/cairo.h>
configure:7540: result: no
configure:7540: WARNING: cairo/cairo.h: accepted by the compiler, rejected by the preprocessor!
configure:7540: WARNING: cairo/cairo.h: proceeding with the compiler's result
configure:7540: checking for cairo/cairo.h
configure:7540: result: yes
configure:7558: checking for cairo_user_to_device in -lcairo
configure:7583: gcc -o conftest -g     -lm conftest.c -lcairo  -lGLU -lGL  >&5
configure:7583: $? = 0
configure:7592: result: yes
configure:8371: creating ./config.status

## ---------------------- ##
## Running config.status. ##
## ---------------------- ##

This file was extended by config.status, which was
generated by GNU Autoconf 2.69.  Invocation command line was

  CONFIG_FILES    = 
  CONFIG_HEADERS  = 
  CONFIG_LINKS    = 
  CONFIG_COMMANDS = 
  $ ./config.status 

on stravinsky

config.status:797: creating defs.mak
config.status:900: WARNING:  'defs.mak.in' seems to ignore the --datarootdir setting

## ---------------- ##
## Cache variables. ##
## ---------------- ##

ac_cv_build=x86_64-unknown-linux-gnu
ac_cv_c___va_copy=yes
ac_cv_c_bigendian=no
ac_cv_c_compiler_gnu=yes
ac_cv_c_va_copy=yes
ac_cv_cxx_compiler_gnu=yes
ac_cv_env_CCC_set=
ac_cv_env_CCC_value=
ac_cv_env_CC_set=
ac_cv_env_CC_value=
ac_cv_env_CFLAGS_set=set
ac_cv_env_CFLAGS_value=-g
ac_cv_env_CPPFLAGS_set=
ac_cv_env_CPPFLAGS_value=
ac_cv_env_CPP_set=
ac_cv_env_CPP_value=
ac_cv_env_CXXFLAGS_set=
ac_cv_env_CXXFLAGS_value=
ac_cv_env_CXX_set=
ac_cv_env_CXX_value=
ac_cv_env_LDFLAGS_set=
ac_cv_env_LDFLAGS_value=
ac_cv_env_LIBS_set=
ac_cv_env_LIBS_value=
ac_cv_env_XMKMF_set=
ac_cv_env_XMKMF_value=
ac_cv_env_build_alias_set=
ac_cv_env_build_alias_value=
ac_cv_env_host_alias_set=
ac_cv_env_host_alias_value=
ac_cv_env_target_alias_set=
ac_cv_env_target_alias_value=
ac_cv_func_connect=yes
ac_cv_func_gethostbyname=yes
ac_cv_func_putenv=yes
ac_cv_func_remove=yes
ac_cv_func_setenv=yes
ac_cv_func_shmat=yes
ac_cv_func_vfork=yes
ac_cv_have_x='have_x=yes	ac_x_includes='\'''\''	ac_x_libraries='\'''\'''
ac_cv_header_GL_gl_h=yes
ac_cv_header_cairo_cairo_h=yes
ac_cv_header_dirent_h=yes
ac_cv_header_inttypes_h=yes
ac_cv_header_limits_h=yes
ac_cv_header_memory_h=yes
ac_cv_header_param_h=no
ac_cv_header_paths_h=yes
ac_cv_header_stdc=no
ac_cv_header_stdint_h=yes
ac_cv_header_stdlib_h=yes
ac_cv_header_string_h=yes
ac_cv_header_strings_h=yes
ac_cv_header_sys_mman_h=yes
ac_cv_header_sys_stat_h=yes
ac_cv_header_sys_types_h=yes
ac_cv_header_unistd_h=yes
ac_cv_host=x86_64-unknown-linux-gnu
ac_cv_lib_GLU_gluNewTess=yes
ac_cv_lib_GL_glXCreateContext=yes
ac_cv_lib_ICE_IceConnectionNumber=yes
ac_cv_lib_Xext_XextFindDisplay=yes
ac_cv_lib_Xi_XOpenDevice=yes
ac_cv_lib_Xmu_XmuInternAtom=yes
ac_cv_lib_cairo_cairo_user_to_device=yes
ac_cv_objext=o
ac_cv_path_CSH=/bin/csh
ac_cv_path_EGREP='/bin/grep -E'
ac_cv_path_GCORE=/bin/gcore
ac_cv_path_GREP=/bin/grep
ac_cv_path_LD=/bin/ld
ac_cv_path_M4=/bin/m4
ac_cv_path_PYTHON3=/bin/python3
ac_cv_path_install='/bin/install -c'
ac_cv_prog_CPP='gcc -E'
ac_cv_prog_ac_ct_CC=gcc
ac_cv_prog_ac_ct_CXX=g++
ac_cv_prog_ac_ct_RANLIB=ranlib
ac_cv_prog_cc_c89=
ac_cv_prog_cc_g=yes
ac_cv_prog_cxx_g=yes
ac_cv_prog_gnu_ld=yes
ac_cv_search_strerror='none required'
ac_cv_sizeof_unsigned_int=4
ac_cv_sizeof_unsigned_long=8
ac_cv_sizeof_unsigned_long_long=8
ac_cv_sizeof_void_p=8
ac_cv_target=x86_64-unknown-linux-gnu

## ----------------- ##
## Output variables. ##
## ----------------- ##

ALL_TARGET='tcl'
CC='gcc'
CFLAGS='-g -m64 -fPIC'
CPP='/scripts/preproc.py'
CPPFLAGS=''
CSH='/bin/csh'
CXX='g++'
CXXFLAGS='-g -O2'
DEFS='-DPACKAGE_NAME=\"\" -DPACKAGE_TARNAME=\"\" -DPACKAGE_VERSION=\"\" -DPACKAGE_STRING=\"\" -DPACKAGE_BUGREPORT=\"\" -DPACKAGE_URL=\"\" -DMAGIC_VERSION=\"8.2\" -DMAGIC_REVISION=\"14\" -DHAVE_SYS_TYPES_H=1 -DHAVE_SYS_STAT_H=1 -DHAVE_STDLIB_H=1 -DHAVE_STRING_H=1 -DHAVE_MEMORY_H=1 -DHAVE_STRINGS_H=1 -DHAVE_INTTYPES_H=1 -DHAVE_STDINT_H=1 -DHAVE_UNISTD_H=1 -DSIZEOF_VOID_P=8 -DSIZEOF_UNSIGNED_INT=4 -DSIZEOF_UNSIGNED_LONG=8 -DSIZEOF_UNSIGNED_LONG_LONG=8 -DHAVE_SETENV=1 -DHAVE_PUTENV=1 -DHAVE_SYS_MMAN_H=1 -DHAVE_DIRENT_H=1 -DHAVE_LIMITS_H=1 -DHAVE_PATHS_H=1 -DHAVE_VA_COPY=1 -DHAVE___VA_COPY=1 -DFILE_LOCKS=1 -DCALMA_MODULE=1 -DCIF_MODULE=1 -DX11_BACKING_STORE=1 -DPLOT_MODULE=1 -DLEF_MODULE=1 -DROUTE_MODULE=1 -DUSE_NEW_MACROS=1 -DHAVE_LIBGL=1 -DHAVE_LIBGLU=1 -DVECTOR_FONTS=1 -DHAVE_LIBCAIRO=1 -DMAGIC_WRAPPER=1 -DTHREE_D=1 -Dlinux=1 -DSYSV=1 -DISC=1'
DEPEND_FLAG='-MM'
ECHO_C=''
ECHO_N='printf'
ECHO_T=''
EGREP='/bin/grep -E'
EXEEXT=''
EXTRA_LIB_SPECS='-ldl'
GCORE='/bin/gcore'
GREP='/bin/grep'
INC_SPECS=''
INSTALL_DATA='${INSTALL} -m 644'
INSTALL_PROGRAM='${INSTALL}'
INSTALL_SCRIPT='${INSTALL}'
INSTALL_TARGET='install-tcl'
LD='/bin/ld'
LDDL_FLAGS='-shared -Wl,-soname,$@ -Wl,--version-script=${MAGICDIR}/magic/symbol.map'
LDFLAGS=''
LD_RUN_PATH=''
LIBOBJS=''
LIBS='-lcairo -lGLU -lGL '
LIB_SPECS=' -L/usr/lib64 -ltk8.6 -L/usr/lib64 -ltcl8.6'
LTLIBOBJS=''
M4='/bin/m4'
MAGIC_REVISION='14'
MAGIC_VERSION='8.2'
OA=''
OA_LIBS=''
OBJEXT='o'
PACKAGE='magic'
PACKAGE_BUGREPORT=''
PACKAGE_NAME=''
PACKAGE_STRING=''
PACKAGE_TARNAME=''
PACKAGE_URL=''
PACKAGE_VERSION=''
PATH_SEPARATOR=':'
PYTHON3='/bin/python3'
RANLIB='ranlib'
SCRIPTS=''
SHDLIB_EXT='.so'
SHELL='/bin/sh'
SHLIB_CFLAGS='-Wimplicit-int -fPIC'
SHLIB_LD=''
SHLIB_LIB_SPECS=''
TCLSH_EXE='/usr/bin/tclsh'
TCL_LIB_DIR='/usr/lib'
WISH_EXE='/usr/bin/wish'
XMKMF=''
X_CFLAGS=''
X_EXTRA_LIBS=''
X_LIBS=''
X_PRE_LIBS=' -lSM -lICE'
ac_ct_CC='gcc'
ac_ct_CXX='g++'
bindir='${exec_prefix}/bin'
build='x86_64-unknown-linux-gnu'
build_alias=''
build_cpu='x86_64'
build_os='linux-gnu'
build_vendor='unknown'
cadinstall=' graphics tcltk'
datadir='${datarootdir}'
datarootdir='${prefix}/share'
docdir='${datarootdir}/doc/${PACKAGE}'
dvidir='${docdir}'
exec_prefix='${prefix}'
extra_defs=' -DCAD_DIR=\"${LIBDIR}\" -DBIN_DIR=\"${BINDIR}\" -DTCL_DIR=\"${TCLDIR}\"'
extra_libs=' ${MAGICDIR}/ext2sim/libext2sim.o ${MAGICDIR}/ext2spice/libext2spice.o ${MAGICDIR}/calma/libcalma.o ${MAGICDIR}/cif/libcif.o ${MAGICDIR}/plot/libplot.o ${MAGICDIR}/lef/liblef.o ${MAGICDIR}/extflat/libextflat.o ${MAGICDIR}/garouter/libgarouter.o 	${MAGICDIR}/mzrouter/libmzrouter.o ${MAGICDIR}/router/librouter.o 	${MAGICDIR}/irouter/libirouter.o ${MAGICDIR}/grouter/libgrouter.o 	${MAGICDIR}/gcr/libgcr.o ${MAGICDIR}/tcltk/libtcltk.o'
gr_cflags=''
gr_dflags=' -DX11 -DXLIB -DOGL -DCAIRO'
gr_hprog=''
gr_hsrcs=''
gr_libs=' -lX11 -lGL -lGLU -lXi -lXmu -lXext -lm -lcairo -lfontconfig -lfreetype -lstdc++'
gr_srcs=' ${TK_SRCS} ${TOGL_SRCS} ${TOGL_SRCS} ${TKCOMMON_SRCS}'
host='x86_64-unknown-linux-gnu'
host_alias=''
host_cpu='x86_64'
host_os='linux-gnu'
host_vendor='unknown'
htmldir='${docdir}'
includedir='${prefix}/include'
infodir='${datarootdir}/info'
ld_extra_libs=''
ld_extra_objs=''
libdir='${exec_prefix}/lib'
libexecdir='${exec_prefix}/libexec'
localedir='${datarootdir}/locale'
localstatedir='${prefix}/var'
mandir='${datarootdir}/man'
modules=' ext2sim ext2spice calma cif plot lef garouter grouter irouter mzrouter router gcr tcltk'
oldincludedir='/usr/include'
pdfdir='${docdir}'
prefix='/usr/local'
program_transform_name='s,x,x,'
programs=' net2ir tcltk'
psdir='${docdir}'
rl_defs=''
rl_libs=''
sbindir='${exec_prefix}/sbin'
sharedstatedir='${prefix}/com'
sub_extra_libs=''
sysconfdir='${prefix}/etc'
target='x86_64-unknown-linux-gnu'
target_alias=''
target_cpu='x86_64'
target_os='linux-gnu'
target_vendor='unknown'
top_extra_libs=''
unused=' readline lisp'

## ----------- ##
## confdefs.h. ##
## ----------- ##

/* confdefs.h */
#define PACKAGE_NAME ""
#define PACKAGE_TARNAME ""
#define PACKAGE_VERSION ""
#define PACKAGE_STRING ""
#define PACKAGE_BUGREPORT ""
#define PACKAGE_URL ""
#define MAGIC_VERSION "8.2"
#define MAGIC_REVISION "14"
#define HAVE_SYS_TYPES_H 1
#define HAVE_SYS_STAT_H 1
#define HAVE_STDLIB_H 1
#define HAVE_STRING_H 1
#define HAVE_MEMORY_H 1
#define HAVE_STRINGS_H 1
#define HAVE_INTTYPES_H 1
#define HAVE_STDINT_H 1
#define HAVE_UNISTD_H 1
#define SIZEOF_VOID_P 8
#define SIZEOF_UNSIGNED_INT 4
#define SIZEOF_UNSIGNED_LONG 8
#define SIZEOF_UNSIGNED_LONG_LONG 8
#define HAVE_SETENV 1
#define HAVE_PUTENV 1
#define HAVE_SYS_MMAN_H 1
#define HAVE_DIRENT_H 1
#define HAVE_LIMITS_H 1
#define HAVE_PATHS_H 1
#define HAVE_VA_COPY 1
#define HAVE___VA_COPY 1
#define FILE_LOCKS 1
#define CALMA_MODULE 1
#define CIF_MODULE 1
#define X11_BACKING_STORE 1
#define PLOT_MODULE 1
#define LEF_MODULE 1
#define ROUTE_MODULE 1
#define USE_NEW_MACROS 1
#define HAVE_LIBGL 1
#define HAVE_LIBGLU 1
#define VECTOR_FONTS 1
#define HAVE_LIBCAIRO 1
#define MAGIC_WRAPPER 1
#define THREE_D 1
#define linux 1
#define SYSV 1
#define ISC 1

configure: exit 0
